Traceback (most recent call last):
  File "/Users/stewartc/Documents/GitHub/pe-reports/src/pe_scorecard/scores/profiling_score.py", line 16, in <module>
    from pe_scorecard.data.db_query import (
  File "/Users/stewartc/Documents/GitHub/pe-reports/src/pe_scorecard/data/db_query.py", line 18, in <module>
    from .config import config, staging_config
  File "/Users/stewartc/Documents/GitHub/pe-reports/src/pe_scorecard/data/config.py", line 9, in <module>
    REPORT_DB_CONFIG = files("pe_reports").joinpath("data/database.ini")
                       ^^^^^^^^^^^^^^^^^^^
  File "/Users/stewartc/.pyenv/versions/pe-reports/lib/python3.11/site-packages/importlib_resources/_common.py", line 22, in files
    return from_package(get_package(package))
                        ^^^^^^^^^^^^^^^^^^^^
  File "/Users/stewartc/.pyenv/versions/pe-reports/lib/python3.11/site-packages/importlib_resources/_common.py", line 53, in get_package
    resolved = resolve(package)
               ^^^^^^^^^^^^^^^^
  File "/Users/stewartc/.pyenv/versions/pe-reports/lib/python3.11/site-packages/importlib_resources/_common.py", line 44, in resolve
    return cand if isinstance(cand, types.ModuleType) else importlib.import_module(cand)
                                                           ^^^^^^^^^^^^^^^^^^^^^^^^^^^^^
  File "/Users/stewartc/.pyenv/versions/3.11.1/lib/python3.11/importlib/__init__.py", line 126, in import_module
    return _bootstrap._gcd_import(name[level:], package, level)
           ^^^^^^^^^^^^^^^^^^^^^^^^^^^^^^^^^^^^^^^^^^^^^^^^^^^^
  File "/Users/stewartc/Documents/GitHub/pe-reports/src/pe_reports/__init__.py", line 27, in <module>
    from pe_reports.stakeholder_full.views import stakeholder_full_blueprint
  File "/Users/stewartc/Documents/GitHub/pe-reports/src/pe_reports/stakeholder_full/views.py", line 29, in <module>
    from pe_reports.data.tasks.tasks import add, fill_ips_task
ImportError: cannot import name 'add' from 'pe_reports.data.tasks.tasks' (/Users/stewartc/Documents/GitHub/pe-reports/src/pe_reports/data/tasks/tasks.py)
